<?xml version="1.0" encoding="UTF-8"?>
<!-- Generated by org.testng.reporters.JUnitReportReporter -->
<testsuite skipped="0" hostname="DESKTOP-DJH255V" name="dependancies.Fbmultiple" tests="2" failures="0" timestamp="2021-11-16T18:58:35 IST" time="30.609" errors="0">
  <testcase name="login" time="16.680" classname="dependancies.Fbmultiple"/>
  <system-out/>
  <testcase name="login" time="13.929" classname="dependancies.Fbmultiple"/>
  <system-out/>
</testsuite> <!-- dependancies.Fbmultiple -->
