<?xml version="1.0" encoding="UTF-8"?>
<!-- Generated by org.testng.reporters.JUnitReportReporter -->
<testsuite skipped="0" hostname="DESKTOP-DJH255V" name="dependancies.Fbaccounts" tests="2" failures="0" timestamp="2021-11-12T12:04:18 IST" time="23.568" errors="0">
  <testcase name="login" time="11.662" classname="dependancies.Fbaccounts"/>
  <system-out/>
  <testcase name="login" time="11.906" classname="dependancies.Fbaccounts"/>
  <system-out/>
</testsuite> <!-- dependancies.Fbaccounts -->
