<?xml version="1.0" encoding="UTF-8"?>
<!-- Generated by org.testng.reporters.JUnitReportReporter -->
<testsuite skipped="0" hostname="DESKTOP-DJH255V" name="kewordsforannotations.kewordenable" tests="2" failures="0" timestamp="2021-11-10T13:25:32 IST" time="0.011" errors="0">
  <testcase name="Test1" time="0.009" classname="kewordsforannotations.kewordenable"/>
  <system-out/>
  <testcase name="Test2" time="0.002" classname="kewordsforannotations.kewordenable"/>
  <system-out/>
</testsuite> <!-- kewordsforannotations.kewordenable -->
