<?xml version="1.0" encoding="UTF-8"?>
<!-- Generated by org.testng.reporters.JUnitReportReporter -->
<testsuite skipped="0" hostname="DESKTOP-DJH255V" name="kewordsforannotations.kewordinvocationcount" tests="9" failures="0" timestamp="2021-11-10T13:23:12 IST" time="0.021" errors="0">
  <testcase name="Test1" time="0.001" classname="kewordsforannotations.kewordinvocationcount"/>
  <system-out/>
  <testcase name="Test1" time="0.002" classname="kewordsforannotations.kewordinvocationcount"/>
  <system-out/>
  <testcase name="Test2" time="0.002" classname="kewordsforannotations.kewordinvocationcount"/>
  <system-out/>
  <testcase name="Test2" time="0.002" classname="kewordsforannotations.kewordinvocationcount"/>
  <system-out/>
  <testcase name="Test2" time="0.001" classname="kewordsforannotations.kewordinvocationcount"/>
  <system-out/>
  <testcase name="Test2" time="0.002" classname="kewordsforannotations.kewordinvocationcount"/>
  <system-out/>
  <testcase name="Test1" time="0.002" classname="kewordsforannotations.kewordinvocationcount"/>
  <system-out/>
  <testcase name="Test1" time="0.008" classname="kewordsforannotations.kewordinvocationcount"/>
  <system-out/>
  <testcase name="Test1" time="0.001" classname="kewordsforannotations.kewordinvocationcount"/>
  <system-out/>
</testsuite> <!-- kewordsforannotations.kewordinvocationcount -->
