<?xml version="1.0" encoding="UTF-8"?>
<!-- Generated by org.testng.reporters.JUnitReportReporter -->
<testsuite skipped="0" hostname="DESKTOP-DJH255V" name="kewordsforannotations.keywordpriority" tests="3" failures="0" timestamp="2021-11-10T13:19:45 IST" time="0.011" errors="0">
  <testcase name="Test2" time="0.008" classname="kewordsforannotations.keywordpriority"/>
  <system-out/>
  <testcase name="Test1" time="0.002" classname="kewordsforannotations.keywordpriority"/>
  <system-out/>
  <testcase name="Test3" time="0.001" classname="kewordsforannotations.keywordpriority"/>
  <system-out/>
</testsuite> <!-- kewordsforannotations.keywordpriority -->
