<?xml version="1.0" encoding="UTF-8"?>
<!-- Generated by org.testng.reporters.JUnitReportReporter -->
<testsuite skipped="0" hostname="DESKTOP-DJH255V" name="dependancies.Youtube" tests="1" failures="0" timestamp="2021-11-11T17:05:05 IST" time="4.929" errors="0">
  <testcase name="playsong" time="4.929" classname="dependancies.Youtube"/>
  <system-out/>
</testsuite> <!-- dependancies.Youtube -->
