<?xml version="1.0" encoding="UTF-8"?>
<!-- Generated by org.testng.reporters.JUnitReportReporter -->
<testsuite skipped="0" hostname="DESKTOP-DJH255V" name="dependancies.Class3" tests="1" failures="0" timestamp="2021-11-30T07:42:22 IST" time="17.925" errors="0">
  <testcase name="search" time="17.925" classname="dependancies.Class3"/>
  <system-out/>
</testsuite> <!-- dependancies.Class3 -->
