<?xml version="1.0" encoding="UTF-8"?>
<!-- Generated by org.testng.reporters.JUnitReportReporter -->
<testsuite skipped="0" hostname="DESKTOP-DJH255V" name="dependancies.NewAccFb" tests="1" failures="0" timestamp="2021-11-15T15:03:45 IST" time="10.728" errors="0">
  <testcase name="Createacc" time="10.728" classname="dependancies.NewAccFb"/>
  <system-out/>
</testsuite> <!-- dependancies.NewAccFb -->
