<?xml version="1.0" encoding="UTF-8"?>
<!-- Generated by org.testng.reporters.JUnitReportReporter -->
<testsuite skipped="0" hostname="DESKTOP-DJH255V" name="dependancies.Parameterizationflipkart" tests="1" failures="0" timestamp="2021-11-10T14:16:18 IST" time="9.837" errors="0">
  <testcase name="Homebutton" time="9.837" classname="dependancies.Parameterizationflipkart"/>
  <system-out>
Test is passed,  </system-out>
</testsuite> <!-- dependancies.Parameterizationflipkart -->
