<?xml version="1.0" encoding="UTF-8"?>
<!-- Generated by org.testng.reporters.JUnitReportReporter -->
<testsuite skipped="0" hostname="DESKTOP-DJH255V" name="dependancies.Test2" tests="1" failures="0" timestamp="2021-11-09T19:00:19 IST" time="5.705" errors="0">
  <testcase name="Checkhomebutton" time="5.705" classname="dependancies.Test2"/>
  <system-out/>
</testsuite> <!-- dependancies.Test2 -->
