<?xml version="1.0" encoding="UTF-8"?>
<!-- Generated by org.testng.reporters.JUnitReportReporter -->
<testsuite skipped="0" hostname="DESKTOP-DJH255V" name="Extentreport.Exreport" tests="1" failures="0" timestamp="2021-11-23T16:32:19 IST" time="7.324" errors="0">
  <testcase name="Test" time="7.324" classname="Extentreport.Exreport"/>
  <system-out/>
</testsuite> <!-- Extentreport.Exreport -->
