<?xml version="1.0" encoding="UTF-8"?>
<!-- Generated by org.testng.reporters.JUnitReportReporter -->
<testsuite skipped="0" hostname="DESKTOP-DJH255V" name="dependancies.Test3" tests="1" failures="0" timestamp="2021-11-10T22:19:24 IST" time="5.380" errors="0">
  <testcase name="Ab" time="5.380" classname="dependancies.Test3"/>
  <system-out/>
</testsuite> <!-- dependancies.Test3 -->
