<?xml version="1.0" encoding="UTF-8"?>
<!-- Generated by org.testng.reporters.JUnitReportReporter -->
<testsuite skipped="0" hostname="DESKTOP-DJH255V" name="kewordsforannotations.keyworddependsonmethod" tests="2" failures="0" timestamp="2021-11-10T13:29:41 IST" time="0.010" errors="0">
  <testcase name="Orderplaced" time="0.008" classname="kewordsforannotations.keyworddependsonmethod"/>
  <system-out/>
  <testcase name="Checkorder" time="0.002" classname="kewordsforannotations.keyworddependsonmethod"/>
  <system-out/>
</testsuite> <!-- kewordsforannotations.keyworddependsonmethod -->
